<?xml version="1.0" encoding="UTF-8"?>
<!-- Generated by org.testng.reporters.JUnitReportReporter -->
<testsuite skipped="0" hostname="MAVRLT1006" name="com.selbot.testcases.TC001_CreateLead" tests="2" failures="0" timestamp="13 Sep 2019 16:35:08 GMT" time="37.143" errors="0">
  <testcase name="createLead" time="16.904" classname="com.selbot.testcases.TC001_CreateLead"/>
  <testcase name="createLead" time="20.239" classname="com.selbot.testcases.TC001_CreateLead"/>
</testsuite> <!-- com.selbot.testcases.TC001_CreateLead -->
