<?xml version="1.0" encoding="UTF-8"?>
<!-- Generated by org.testng.reporters.JUnitReportReporter -->
<testsuite skipped="2" hostname="MAVRLT1006" name="com.selbot.testcases.test" tests="3" failures="0" timestamp="20 Sep 2019 08:16:44 GMT" time="0.025" errors="0">
  <testcase name="test3" time="0.025" classname="com.selbot.testcases.test"/>
  <testcase name="test2" classname="com.selbot.testcases.test">
    <skipped/>
  </testcase> <!-- test2 -->
  <testcase name="test1" classname="com.selbot.testcases.test">
    <skipped/>
  </testcase> <!-- test1 -->
</testsuite> <!-- com.selbot.testcases.test -->
