<?xml version="1.0" encoding="UTF-8"?>
<!-- Generated by org.testng.reporters.JUnitReportReporter -->
<testsuite skipped="0" hostname="MAVRLT1006" name="com.selbot.testcases.ExcelLearn" tests="1" failures="0" timestamp="27 Nov 2019 08:19:38 GMT" time="0.742" errors="0">
  <testcase name="test" time="0.742" classname="com.selbot.testcases.ExcelLearn"/>
</testsuite> <!-- com.selbot.testcases.ExcelLearn -->
