<?xml version="1.0" encoding="UTF-8"?>
<!-- Generated by org.testng.reporters.JUnitReportReporter -->
<testsuite skipped="0" hostname="MAVRLT1006" name="runner.LoginUsingCucumber" tests="2" failures="0" timestamp="26 Sep 2019 05:38:20 GMT" time="18.794" errors="0">
  <testcase name="runScenario" time="9.060" classname="runner.LoginUsingCucumber"/>
  <testcase name="runScenario" time="9.734" classname="runner.LoginUsingCucumber"/>
</testsuite> <!-- runner.LoginUsingCucumber -->
