<?xml version="1.0" encoding="UTF-8"?>
<!-- Generated by org.testng.reporters.JUnitReportReporter -->
<testsuite skipped="0" hostname="MAVRLT1006" name="com.selbot.testcases.poorniAssignment" tests="1" failures="0" timestamp="23 Sep 2019 06:23:58 GMT" time="17.296" errors="0">
  <testcase name="openCalander" time="17.296" classname="com.selbot.testcases.poorniAssignment"/>
</testsuite> <!-- com.selbot.testcases.poorniAssignment -->
